#
# There is insufficient memory for the Java Runtime Environment to continue.
# Native memory allocation (malloc) failed to allocate 32744 bytes for ChunkPool::allocate
# Possible reasons:
#   The system is out of physical RAM or swap space
#   The process is running with CompressedOops enabled, and the Java Heap may be blocking the growth of the native heap
# Possible solutions:
#   Reduce memory load on the system
#   Increase physical memory or swap space
#   Check if swap backing store is full
#   Decrease Java heap size (-Xmx/-Xms)
#   Decrease number of Java threads
#   Decrease Java thread stack sizes (-Xss)
#   Set larger code cache with -XX:ReservedCodeCacheSize=
#   JVM is running with Unscaled Compressed Oops mode in which the Java heap is
#     placed in the first 4GB address space. The Java Heap base address is the
#     maximum limit for the native heap growth. Please use -XX:HeapBaseMinAddress
#     to set the Java Heap base and to place the Java Heap above 4GB virtual address.
# This output file may be truncated or incomplete.
#
#  Out of Memory Error (t:/workspace/open/src/hotspot/share/memory/arena.cpp:80), pid=20700, tid=22420
#
# JRE version: Java(TM) SE Runtime Environment (13.0+33) (build 13+33)
# Java VM: Java HotSpot(TM) 64-Bit Server VM (13+33, mixed mode, sharing, tiered, compressed oops, g1 gc, windows-amd64)
# No core dump will be written. Minidumps are not enabled by default on client versions of Windows
#

---------------  S U M M A R Y ------------

Command Line: -ea -Didea.test.cyclic.buffer.size=1048576 -javaagent:C:\Program Files\JetBrains\IntelliJ IDEA Community Edition 2020.1.2\lib\idea_rt.jar=52742:C:\Program Files\JetBrains\IntelliJ IDEA Community Edition 2020.1.2\bin -Dfile.encoding=UTF-8 com.intellij.rt.junit.JUnitStarter -ideVersion5 -junit4 techproedbatch5.GetRequest04,get01

Host: Intel(R) Core(TM) i7-4600U CPU @ 2.10GHz, 4 cores, 7G,  Windows 10 , 64 bit Build 18362 (10.0.18362.1082)
Time: Fri Oct 16 21:02:47 2020 Turkey Standard Time elapsed time: 2 seconds (0d 0h 0m 2s)

---------------  T H R E A D  ---------------

Current thread (0x000001de86883000):  JavaThread "C1 CompilerThread0" daemon [_thread_in_native, id=22420, stack(0x000000d9c9c00000,0x000000d9c9d00000)]


Current CompileTask:
C1:   2330  384       3       java.net.URLStreamHandler::parseURL (1201 bytes)

Stack: [0x000000d9c9c00000,0x000000d9c9d00000]
Native frames: (J=compiled Java code, j=interpreted, Vv=VM code, C=native code)
V  [jvm.dll+0x626eaa]
V  [jvm.dll+0x772c4a]
V  [jvm.dll+0x7743ff]
V  [jvm.dll+0x774a03]
V  [jvm.dll+0x24da38]
V  [jvm.dll+0xc3d16]
V  [jvm.dll+0xc406c]
V  [jvm.dll+0x16df23]
V  [jvm.dll+0x16dff0]
V  [jvm.dll+0x17074d]
V  [jvm.dll+0x172141]
V  [jvm.dll+0x12be85]
V  [jvm.dll+0x12b6ff]
V  [jvm.dll+0x12b92f]
V  [jvm.dll+0x12abc7]
V  [jvm.dll+0x12cae7]
V  [jvm.dll+0x2159bd]
V  [jvm.dll+0x213e6b]
V  [jvm.dll+0x738af6]
V  [jvm.dll+0x731bea]
V  [jvm.dll+0x6260a6]
C  [ucrtbase.dll+0x20e82]
C  [KERNEL32.DLL+0x17bd4]
C  [ntdll.dll+0x6ce51]


---------------  P R O C E S S  ---------------

Threads class SMR info:
_java_thread_list=0x000001de869a1220, length=11, elements={
0x000001dee7856000, 0x000001defff2e800, 0x000001defff35000, 0x000001defff52800,
0x000001defff53800, 0x000001defff55000, 0x000001de86883000, 0x000001de86884000,
0x000001defff11000, 0x000001de8699f000, 0x000001de869a0000
}

Java Threads: ( => current thread )
  0x000001dee7856000 JavaThread "main" [_thread_in_vm, id=3500, stack(0x000000d9c8f00000,0x000000d9c9000000)]
  0x000001defff2e800 JavaThread "Reference Handler" daemon [_thread_blocked, id=17660, stack(0x000000d9c9700000,0x000000d9c9800000)]
  0x000001defff35000 JavaThread "Finalizer" daemon [_thread_blocked, id=26252, stack(0x000000d9c9800000,0x000000d9c9900000)]
  0x000001defff52800 JavaThread "Signal Dispatcher" daemon [_thread_blocked, id=32660, stack(0x000000d9c9900000,0x000000d9c9a00000)]
  0x000001defff53800 JavaThread "Attach Listener" daemon [_thread_blocked, id=47812, stack(0x000000d9c9a00000,0x000000d9c9b00000)]
  0x000001defff55000 JavaThread "C2 CompilerThread0" daemon [_thread_blocked, id=4764, stack(0x000000d9c9b00000,0x000000d9c9c00000)]
=>0x000001de86883000 JavaThread "C1 CompilerThread0" daemon [_thread_in_native, id=22420, stack(0x000000d9c9c00000,0x000000d9c9d00000)]
  0x000001de86884000 JavaThread "Sweeper thread" daemon [_thread_blocked, id=46532, stack(0x000000d9c9d00000,0x000000d9c9e00000)]
  0x000001defff11000 JavaThread "Common-Cleaner" daemon [_thread_blocked, id=14880, stack(0x000000d9c9e00000,0x000000d9c9f00000)]
  0x000001de8699f000 JavaThread "Monitor Ctrl-Break" daemon [_thread_in_native, id=22028, stack(0x000000d9c9f00000,0x000000d9ca000000)]
  0x000001de869a0000 JavaThread "Service Thread" daemon [_thread_blocked, id=42132, stack(0x000000d9ca000000,0x000000d9ca100000)]

Other Threads:
  0x000001defff27000 VMThread "VM Thread" [stack: 0x000000d9c9600000,0x000000d9c9700000] [id=41084]
  0x000001de86974800 WatcherThread [stack: 0x000000d9ca100000,0x000000d9ca200000] [id=19036]
  0x000001dee7895000 GCTaskThread "GC Thread#0" [stack: 0x000000d9c9100000,0x000000d9c9200000] [id=47024]
  0x000001dee78a6800 ConcurrentGCThread "G1 Main Marker" [stack: 0x000000d9c9200000,0x000000d9c9300000] [id=15636]
  0x000001dee78a7800 ConcurrentGCThread "G1 Conc#0" [stack: 0x000000d9c9300000,0x000000d9c9400000] [id=18628]
  0x000001dee791e000 ConcurrentGCThread "G1 Refine#0" [stack: 0x000000d9c9400000,0x000000d9c9500000] [id=20680]
  0x000001deffda5800 ConcurrentGCThread "G1 Young RemSet Sampling" [stack: 0x000000d9c9500000,0x000000d9c9600000] [id=36480]

Threads with active compile tasks:
C1 CompilerThread0     2377  384       3       java.net.URLStreamHandler::parseURL (1201 bytes)

VM state:not at safepoint (normal execution)

VM Mutex/Monitor currently owned by a thread:  ([mutex/lock_event])
[0x000001dee7851230] MetaspaceExpand_lock - owner thread: 0x000001dee7856000

Heap address: 0x0000000081e00000, size: 2018 MB, Compressed Oops mode: 32-bit
Narrow klass base: 0x0000000800000000, Narrow klass shift: 3
Compressed class space size: 1073741824 Address: 0x0000000800b40000

Heap:
 garbage-first heap   total 131072K, used 3072K [0x0000000081e00000, 0x0000000100000000)
  region size 1024K, 4 young (4096K), 0 survivors (0K)
 Metaspace       used 1769K, capacity 5055K, committed 5120K, reserved 1056768K
  class space    used 198K, capacity 493K, committed 512K, reserved 1048576K
Heap Regions: E=young(eden), S=young(survivor), O=old, HS=humongous(starts), HC=humongous(continues), CS=collection set, F=free, A=archive, TAMS=top-at-mark-start (previous, next)
|   0|0x0000000081e00000, 0x0000000081e00000, 0x0000000081f00000|  0%| F|  |TAMS 0x0000000081e00000, 0x0000000081e00000| Untracked 
|   1|0x0000000081f00000, 0x0000000081f00000, 0x0000000082000000|  0%| F|  |TAMS 0x0000000081f00000, 0x0000000081f00000| Untracked 
|   2|0x0000000082000000, 0x0000000082000000, 0x0000000082100000|  0%| F|  |TAMS 0x0000000082000000, 0x0000000082000000| Untracked 
|   3|0x0000000082100000, 0x0000000082100000, 0x0000000082200000|  0%| F|  |TAMS 0x0000000082100000, 0x0000000082100000| Untracked 
|   4|0x0000000082200000, 0x0000000082200000, 0x0000000082300000|  0%| F|  |TAMS 0x0000000082200000, 0x0000000082200000| Untracked 
|   5|0x0000000082300000, 0x0000000082300000, 0x0000000082400000|  0%| F|  |TAMS 0x0000000082300000, 0x0000000082300000| Untracked 
|   6|0x0000000082400000, 0x0000000082400000, 0x0000000082500000|  0%| F|  |TAMS 0x0000000082400000, 0x0000000082400000| Untracked 
|   7|0x0000000082500000, 0x0000000082500000, 0x0000000082600000|  0%| F|  |TAMS 0x0000000082500000, 0x0000000082500000| Untracked 
|   8|0x0000000082600000, 0x0000000082600000, 0x0000000082700000|  0%| F|  |TAMS 0x0000000082600000, 0x0000000082600000| Untracked 
|   9|0x0000000082700000, 0x0000000082700000, 0x0000000082800000|  0%| F|  |TAMS 0x0000000082700000, 0x0000000082700000| Untracked 
|  10|0x0000000082800000, 0x0000000082800000, 0x0000000082900000|  0%| F|  |TAMS 0x0000000082800000, 0x0000000082800000| Untracked 
|  11|0x0000000082900000, 0x0000000082900000, 0x0000000082a00000|  0%| F|  |TAMS 0x0000000082900000, 0x0000000082900000| Untracked 
|  12|0x0000000082a00000, 0x0000000082a00000, 0x0000000082b00000|  0%| F|  |TAMS 0x0000000082a00000, 0x0000000082a00000| Untracked 
|  13|0x0000000082b00000, 0x0000000082b00000, 0x0000000082c00000|  0%| F|  |TAMS 0x0000000082b00000, 0x0000000082b00000| Untracked 
|  14|0x0000000082c00000, 0x0000000082c00000, 0x0000000082d00000|  0%| F|  |TAMS 0x0000000082c00000, 0x0000000082c00000| Untracked 
|  15|0x0000000082d00000, 0x0000000082d00000, 0x0000000082e00000|  0%| F|  |TAMS 0x0000000082d00000, 0x0000000082d00000| Untracked 
|  16|0x0000000082e00000, 0x0000000082e00000, 0x0000000082f00000|  0%| F|  |TAMS 0x0000000082e00000, 0x0000000082e00000| Untracked 
|  17|0x0000000082f00000, 0x0000000082f00000, 0x0000000083000000|  0%| F|  |TAMS 0x0000000082f00000, 0x0000000082f00000| Untracked 
|  18|0x0000000083000000, 0x0000000083000000, 0x0000000083100000|  0%| F|  |TAMS 0x0000000083000000, 0x0000000083000000| Untracked 
|  19|0x0000000083100000, 0x0000000083100000, 0x0000000083200000|  0%| F|  |TAMS 0x0000000083100000, 0x0000000083100000| Untracked 
|  20|0x0000000083200000, 0x0000000083200000, 0x0000000083300000|  0%| F|  |TAMS 0x0000000083200000, 0x0000000083200000| Untracked 
|  21|0x0000000083300000, 0x0000000083300000, 0x0000000083400000|  0%| F|  |TAMS 0x0000000083300000, 0x0000000083300000| Untracked 
|  22|0x0000000083400000, 0x0000000083400000, 0x0000000083500000|  0%| F|  |TAMS 0x0000000083400000, 0x0000000083400000| Untracked 
|  23|0x0000000083500000, 0x0000000083500000, 0x0000000083600000|  0%| F|  |TAMS 0x0000000083500000, 0x0000000083500000| Untracked 
|  24|0x0000000083600000, 0x0000000083600000, 0x0000000083700000|  0%| F|  |TAMS 0x0000000083600000, 0x0000000083600000| Untracked 
|  25|0x0000000083700000, 0x0000000083700000, 0x0000000083800000|  0%| F|  |TAMS 0x0000000083700000, 0x0000000083700000| Untracked 
|  26|0x0000000083800000, 0x0000000083800000, 0x0000000083900000|  0%| F|  |TAMS 0x0000000083800000, 0x0000000083800000| Untracked 
|  27|0x0000000083900000, 0x0000000083900000, 0x0000000083a00000|  0%| F|  |TAMS 0x0000000083900000, 0x0000000083900000| Untracked 
|  28|0x0000000083a00000, 0x0000000083a00000, 0x0000000083b00000|  0%| F|  |TAMS 0x0000000083a00000, 0x0000000083a00000| Untracked 
|  29|0x0000000083b00000, 0x0000000083b00000, 0x0000000083c00000|  0%| F|  |TAMS 0x0000000083b00000, 0x0000000083b00000| Untracked 
|  30|0x0000000083c00000, 0x0000000083c00000, 0x0000000083d00000|  0%| F|  |TAMS 0x0000000083c00000, 0x0000000083c00000| Untracked 
|  31|0x0000000083d00000, 0x0000000083d00000, 0x0000000083e00000|  0%| F|  |TAMS 0x0000000083d00000, 0x0000000083d00000| Untracked 
|  32|0x0000000083e00000, 0x0000000083e00000, 0x0000000083f00000|  0%| F|  |TAMS 0x0000000083e00000, 0x0000000083e00000| Untracked 
|  33|0x0000000083f00000, 0x0000000083f00000, 0x0000000084000000|  0%| F|  |TAMS 0x0000000083f00000, 0x0000000083f00000| Untracked 
|  34|0x0000000084000000, 0x0000000084000000, 0x0000000084100000|  0%| F|  |TAMS 0x0000000084000000, 0x0000000084000000| Untracked 
|  35|0x0000000084100000, 0x0000000084100000, 0x0000000084200000|  0%| F|  |TAMS 0x0000000084100000, 0x0000000084100000| Untracked 
|  36|0x0000000084200000, 0x0000000084200000, 0x0000000084300000|  0%| F|  |TAMS 0x0000000084200000, 0x0000000084200000| Untracked 
|  37|0x0000000084300000, 0x0000000084300000, 0x0000000084400000|  0%| F|  |TAMS 0x0000000084300000, 0x0000000084300000| Untracked 
|  38|0x0000000084400000, 0x0000000084400000, 0x0000000084500000|  0%| F|  |TAMS 0x0000000084400000, 0x0000000084400000| Untracked 
|  39|0x0000000084500000, 0x0000000084500000, 0x0000000084600000|  0%| F|  |TAMS 0x0000000084500000, 0x0000000084500000| Untracked 
|  40|0x0000000084600000, 0x0000000084600000, 0x0000000084700000|  0%| F|  |TAMS 0x0000000084600000, 0x0000000084600000| Untracked 
|  41|0x0000000084700000, 0x0000000084700000, 0x0000000084800000|  0%| F|  |TAMS 0x0000000084700000, 0x0000000084700000| Untracked 
|  42|0x0000000084800000, 0x0000000084800000, 0x0000000084900000|  0%| F|  |TAMS 0x0000000084800000, 0x0000000084800000| Untracked 
|  43|0x0000000084900000, 0x0000000084900000, 0x0000000084a00000|  0%| F|  |TAMS 0x0000000084900000, 0x0000000084900000| Untracked 
|  44|0x0000000084a00000, 0x0000000084a00000, 0x0000000084b00000|  0%| F|  |TAMS 0x0000000084a00000, 0x0000000084a00000| Untracked 
|  45|0x0000000084b00000, 0x0000000084b00000, 0x0000000084c00000|  0%| F|  |TAMS 0x0000000084b00000, 0x0000000084b00000| Untracked 
|  46|0x0000000084c00000, 0x0000000084c00000, 0x0000000084d00000|  0%| F|  |TAMS 0x0000000084c00000, 0x0000000084c00000| Untracked 
|  47|0x0000000084d00000, 0x0000000084d00000, 0x0000000084e00000|  0%| F|  |TAMS 0x0000000084d00000, 0x0000000084d00000| Untracked 
|  48|0x0000000084e00000, 0x0000000084e00000, 0x0000000084f00000|  0%| F|  |TAMS 0x0000000084e00000, 0x0000000084e00000| Untracked 
|  49|0x0000000084f00000, 0x0000000084f00000, 0x0000000085000000|  0%| F|  |TAMS 0x0000000084f00000, 0x0000000084f00000| Untracked 
|  50|0x0000000085000000, 0x0000000085000000, 0x0000000085100000|  0%| F|  |TAMS 0x0000000085000000, 0x0000000085000000| Untracked 
|  51|0x0000000085100000, 0x0000000085100000, 0x0000000085200000|  0%| F|  |TAMS 0x0000000085100000, 0x0000000085100000| Untracked 
|  52|0x0000000085200000, 0x0000000085200000, 0x0000000085300000|  0%| F|  |TAMS 0x0000000085200000, 0x0000000085200000| Untracked 
|  53|0x0000000085300000, 0x0000000085300000, 0x0000000085400000|  0%| F|  |TAMS 0x0000000085300000, 0x0000000085300000| Untracked 
|  54|0x0000000085400000, 0x0000000085400000, 0x0000000085500000|  0%| F|  |TAMS 0x0000000085400000, 0x0000000085400000| Untracked 
|  55|0x0000000085500000, 0x0000000085500000, 0x0000000085600000|  0%| F|  |TAMS 0x0000000085500000, 0x0000000085500000| Untracked 
|  56|0x0000000085600000, 0x0000000085600000, 0x0000000085700000|  0%| F|  |TAMS 0x0000000085600000, 0x0000000085600000| Untracked 
|  57|0x0000000085700000, 0x0000000085700000, 0x0000000085800000|  0%| F|  |TAMS 0x0000000085700000, 0x0000000085700000| Untracked 
|  58|0x0000000085800000, 0x0000000085800000, 0x0000000085900000|  0%| F|  |TAMS 0x0000000085800000, 0x0000000085800000| Untracked 
|  59|0x0000000085900000, 0x0000000085900000, 0x0000000085a00000|  0%| F|  |TAMS 0x0000000085900000, 0x0000000085900000| Untracked 
|  60|0x0000000085a00000, 0x0000000085a00000, 0x0000000085b00000|  0%| F|  |TAMS 0x0000000085a00000, 0x0000000085a00000| Untracked 
|  61|0x0000000085b00000, 0x0000000085b00000, 0x0000000085c00000|  0%| F|  |TAMS 0x0000000085b00000, 0x0000000085b00000| Untracked 
|  62|0x0000000085c00000, 0x0000000085c00000, 0x0000000085d00000|  0%| F|  |TAMS 0x0000000085c00000, 0x0000000085c00000| Untracked 
|  63|0x0000000085d00000, 0x0000000085d00000, 0x0000000085e00000|  0%| F|  |TAMS 0x0000000085d00000, 0x0000000085d00000| Untracked 
|  64|0x0000000085e00000, 0x0000000085e00000, 0x0000000085f00000|  0%| F|  |TAMS 0x0000000085e00000, 0x0000000085e00000| Untracked 
|  65|0x0000000085f00000, 0x0000000085f00000, 0x0000000086000000|  0%| F|  |TAMS 0x0000000085f00000, 0x0000000085f00000| Untracked 
|  66|0x0000000086000000, 0x0000000086000000, 0x0000000086100000|  0%| F|  |TAMS 0x0000000086000000, 0x0000000086000000| Untracked 
|  67|0x0000000086100000, 0x0000000086100000, 0x0000000086200000|  0%| F|  |TAMS 0x0000000086100000, 0x0000000086100000| Untracked 
|  68|0x0000000086200000, 0x0000000086200000, 0x0000000086300000|  0%| F|  |TAMS 0x0000000086200000, 0x0000000086200000| Untracked 
|  69|0x0000000086300000, 0x0000000086300000, 0x0000000086400000|  0%| F|  |TAMS 0x0000000086300000, 0x0000000086300000| Untracked 
|  70|0x0000000086400000, 0x0000000086400000, 0x0000000086500000|  0%| F|  |TAMS 0x0000000086400000, 0x0000000086400000| Untracked 
|  71|0x0000000086500000, 0x0000000086500000, 0x0000000086600000|  0%| F|  |TAMS 0x0000000086500000, 0x0000000086500000| Untracked 
|  72|0x0000000086600000, 0x0000000086600000, 0x0000000086700000|  0%| F|  |TAMS 0x0000000086600000, 0x0000000086600000| Untracked 
|  73|0x0000000086700000, 0x0000000086700000, 0x0000000086800000|  0%| F|  |TAMS 0x0000000086700000, 0x0000000086700000| Untracked 
|  74|0x0000000086800000, 0x0000000086800000, 0x0000000086900000|  0%| F|  |TAMS 0x0000000086800000, 0x0000000086800000| Untracked 
|  75|0x0000000086900000, 0x0000000086900000, 0x0000000086a00000|  0%| F|  |TAMS 0x0000000086900000, 0x0000000086900000| Untracked 
|  76|0x0000000086a00000, 0x0000000086a00000, 0x0000000086b00000|  0%| F|  |TAMS 0x0000000086a00000, 0x0000000086a00000| Untracked 
|  77|0x0000000086b00000, 0x0000000086b00000, 0x0000000086c00000|  0%| F|  |TAMS 0x0000000086b00000, 0x0000000086b00000| Untracked 
|  78|0x0000000086c00000, 0x0000000086c00000, 0x0000000086d00000|  0%| F|  |TAMS 0x0000000086c00000, 0x0000000086c00000| Untracked 
|  79|0x0000000086d00000, 0x0000000086d00000, 0x0000000086e00000|  0%| F|  |TAMS 0x0000000086d00000, 0x0000000086d00000| Untracked 
|  80|0x0000000086e00000, 0x0000000086e00000, 0x0000000086f00000|  0%| F|  |TAMS 0x0000000086e00000, 0x0000000086e00000| Untracked 
|  81|0x0000000086f00000, 0x0000000086f00000, 0x0000000087000000|  0%| F|  |TAMS 0x0000000086f00000, 0x0000000086f00000| Untracked 
|  82|0x0000000087000000, 0x0000000087000000, 0x0000000087100000|  0%| F|  |TAMS 0x0000000087000000, 0x0000000087000000| Untracked 
|  83|0x0000000087100000, 0x0000000087100000, 0x0000000087200000|  0%| F|  |TAMS 0x0000000087100000, 0x0000000087100000| Untracked 
|  84|0x0000000087200000, 0x0000000087200000, 0x0000000087300000|  0%| F|  |TAMS 0x0000000087200000, 0x0000000087200000| Untracked 
|  85|0x0000000087300000, 0x0000000087300000, 0x0000000087400000|  0%| F|  |TAMS 0x0000000087300000, 0x0000000087300000| Untracked 
|  86|0x0000000087400000, 0x0000000087400000, 0x0000000087500000|  0%| F|  |TAMS 0x0000000087400000, 0x0000000087400000| Untracked 
|  87|0x0000000087500000, 0x0000000087500000, 0x0000000087600000|  0%| F|  |TAMS 0x0000000087500000, 0x0000000087500000| Untracked 
|  88|0x0000000087600000, 0x0000000087600000, 0x0000000087700000|  0%| F|  |TAMS 0x0000000087600000, 0x0000000087600000| Untracked 
|  89|0x0000000087700000, 0x0000000087700000, 0x0000000087800000|  0%| F|  |TAMS 0x0000000087700000, 0x0000000087700000| Untracked 
|  90|0x0000000087800000, 0x0000000087800000, 0x0000000087900000|  0%| F|  |TAMS 0x0000000087800000, 0x0000000087800000| Untracked 
|  91|0x0000000087900000, 0x0000000087900000, 0x0000000087a00000|  0%| F|  |TAMS 0x0000000087900000, 0x0000000087900000| Untracked 
|  92|0x0000000087a00000, 0x0000000087a00000, 0x0000000087b00000|  0%| F|  |TAMS 0x0000000087a00000, 0x0000000087a00000| Untracked 
|  93|0x0000000087b00000, 0x0000000087b00000, 0x0000000087c00000|  0%| F|  |TAMS 0x0000000087b00000, 0x0000000087b00000| Untracked 
|  94|0x0000000087c00000, 0x0000000087c00000, 0x0000000087d00000|  0%| F|  |TAMS 0x0000000087c00000, 0x0000000087c00000| Untracked 
|  95|0x0000000087d00000, 0x0000000087d00000, 0x0000000087e00000|  0%| F|  |TAMS 0x0000000087d00000, 0x0000000087d00000| Untracked 
|  96|0x0000000087e00000, 0x0000000087e00000, 0x0000000087f00000|  0%| F|  |TAMS 0x0000000087e00000, 0x0000000087e00000| Untracked 
|  97|0x0000000087f00000, 0x0000000087f00000, 0x0000000088000000|  0%| F|  |TAMS 0x0000000087f00000, 0x0000000087f00000| Untracked 
|  98|0x0000000088000000, 0x0000000088000000, 0x0000000088100000|  0%| F|  |TAMS 0x0000000088000000, 0x0000000088000000| Untracked 
|  99|0x0000000088100000, 0x0000000088100000, 0x0000000088200000|  0%| F|  |TAMS 0x0000000088100000, 0x0000000088100000| Untracked 
| 100|0x0000000088200000, 0x0000000088200000, 0x0000000088300000|  0%| F|  |TAMS 0x0000000088200000, 0x0000000088200000| Untracked 
| 101|0x0000000088300000, 0x0000000088300000, 0x0000000088400000|  0%| F|  |TAMS 0x0000000088300000, 0x0000000088300000| Untracked 
| 102|0x0000000088400000, 0x0000000088400000, 0x0000000088500000|  0%| F|  |TAMS 0x0000000088400000, 0x0000000088400000| Untracked 
| 103|0x0000000088500000, 0x0000000088500000, 0x0000000088600000|  0%| F|  |TAMS 0x0000000088500000, 0x0000000088500000| Untracked 
| 104|0x0000000088600000, 0x0000000088600000, 0x0000000088700000|  0%| F|  |TAMS 0x0000000088600000, 0x0000000088600000| Untracked 
| 105|0x0000000088700000, 0x0000000088700000, 0x0000000088800000|  0%| F|  |TAMS 0x0000000088700000, 0x0000000088700000| Untracked 
| 106|0x0000000088800000, 0x0000000088800000, 0x0000000088900000|  0%| F|  |TAMS 0x0000000088800000, 0x0000000088800000| Untracked 
| 107|0x0000000088900000, 0x0000000088900000, 0x0000000088a00000|  0%| F|  |TAMS 0x0000000088900000, 0x0000000088900000| Untracked 
| 108|0x0000000088a00000, 0x0000000088a00000, 0x0000000088b00000|  0%| F|  |TAMS 0x0000000088a00000, 0x0000000088a00000| Untracked 
| 109|0x0000000088b00000, 0x0000000088b00000, 0x0000000088c00000|  0%| F|  |TAMS 0x0000000088b00000, 0x0000000088b00000| Untracked 
| 110|0x0000000088c00000, 0x0000000088c00000, 0x0000000088d00000|  0%| F|  |TAMS 0x0000000088c00000, 0x0000000088c00000| Untracked 
| 111|0x0000000088d00000, 0x0000000088d00000, 0x0000000088e00000|  0%| F|  |TAMS 0x0000000088d00000, 0x0000000088d00000| Untracked 
| 112|0x0000000088e00000, 0x0000000088e00000, 0x0000000088f00000|  0%| F|  |TAMS 0x0000000088e00000, 0x0000000088e00000| Untracked 
| 113|0x0000000088f00000, 0x0000000088f00000, 0x0000000089000000|  0%| F|  |TAMS 0x0000000088f00000, 0x0000000088f00000| Untracked 
| 114|0x0000000089000000, 0x0000000089000000, 0x0000000089100000|  0%| F|  |TAMS 0x0000000089000000, 0x0000000089000000| Untracked 
| 115|0x0000000089100000, 0x0000000089100000, 0x0000000089200000|  0%| F|  |TAMS 0x0000000089100000, 0x0000000089100000| Untracked 
| 116|0x0000000089200000, 0x0000000089200000, 0x0000000089300000|  0%| F|  |TAMS 0x0000000089200000, 0x0000000089200000| Untracked 
| 117|0x0000000089300000, 0x0000000089300000, 0x0000000089400000|  0%| F|  |TAMS 0x0000000089300000, 0x0000000089300000| Untracked 
| 118|0x0000000089400000, 0x0000000089400000, 0x0000000089500000|  0%| F|  |TAMS 0x0000000089400000, 0x0000000089400000| Untracked 
| 119|0x0000000089500000, 0x0000000089500000, 0x0000000089600000|  0%| F|  |TAMS 0x0000000089500000, 0x0000000089500000| Untracked 
| 120|0x0000000089600000, 0x0000000089600000, 0x0000000089700000|  0%| F|  |TAMS 0x0000000089600000, 0x0000000089600000| Untracked 
| 121|0x0000000089700000, 0x0000000089700000, 0x0000000089800000|  0%| F|  |TAMS 0x0000000089700000, 0x0000000089700000| Untracked 
| 122|0x0000000089800000, 0x0000000089800000, 0x0000000089900000|  0%| F|  |TAMS 0x0000000089800000, 0x0000000089800000| Untracked 
| 123|0x0000000089900000, 0x0000000089900000, 0x0000000089a00000|  0%| F|  |TAMS 0x0000000089900000, 0x0000000089900000| Untracked 
| 124|0x0000000089a00000, 0x0000000089ad81e0, 0x0000000089b00000| 84%| E|  |TAMS 0x0000000089a00000, 0x0000000089a00000| Complete 
| 125|0x0000000089b00000, 0x0000000089c00000, 0x0000000089c00000|100%| E|CS|TAMS 0x0000000089b00000, 0x0000000089b00000| Complete 
| 126|0x0000000089c00000, 0x0000000089d00000, 0x0000000089d00000|100%| E|CS|TAMS 0x0000000089c00000, 0x0000000089c00000| Complete 
| 127|0x0000000089d00000, 0x0000000089e00000, 0x0000000089e00000|100%| E|CS|TAMS 0x0000000089d00000, 0x0000000089d00000| Complete 

Card table byte_map: [0x000001deff150000,0x000001deff550000] _byte_map_base: 0x000001defed41000

Marking Bits (Prev, Next): (CMBitMap*) 0x000001dee7895bd8, (CMBitMap*) 0x000001dee7895c18
 Prev Bits: [0x000001de80000000, 0x000001de81f88000)
 Next Bits: [0x000001de81f90000, 0x000001de83f18000)

Polling page: 0x000001dee57f0000

Metaspace:

Usage:
  Non-class:      4.46 MB capacity,     1.54 MB ( 34%) used,     2.92 MB ( 65%) free+waste,     4.50 KB ( <1%) overhead. 
      Class:    494.00 KB capacity,   199.23 KB ( 40%) used,   292.02 KB ( 59%) free+waste,     2.75 KB ( <1%) overhead. 
       Both:      4.94 MB capacity,     1.73 MB ( 35%) used,     3.20 MB ( 65%) free+waste,     7.25 KB ( <1%) overhead. 

Virtual space:
  Non-class space:        8.00 MB reserved,       4.50 MB ( 56%) committed 
      Class space:        1.00 GB reserved,     512.00 KB ( <1%) committed 
             Both:        1.01 GB reserved,       5.00 MB ( <1%) committed 

Chunk freelists:
   Non-Class:  45.00 KB
       Class:  18.00 KB
        Both:  63.00 KB

MaxMetaspaceSize: 17179869184.00 GB
CompressedClassSpaceSize: 1.00 GB

CodeHeap 'non-profiled nmethods': size=120064Kb used=123Kb max_used=123Kb free=119940Kb
 bounds [0x000001def7810000, 0x000001def7a80000, 0x000001defed50000]
CodeHeap 'profiled nmethods': size=120000Kb used=568Kb max_used=568Kb free=119431Kb
 bounds [0x000001def02e0000, 0x000001def0550000, 0x000001def7810000]
CodeHeap 'non-nmethods': size=5696Kb used=1140Kb max_used=1153Kb free=4555Kb
 bounds [0x000001deefd50000, 0x000001deeffc0000, 0x000001def02e0000]
 total_blobs=1127 nmethods=390 adapters=292
 compilation: enabled
              stopped_count=0, restarted_count=0
 full_count=0

Compilation events (20 events):
Event: 2.267 Thread 0x000001de86883000 nmethod 375 0x000001def036b610 code [0x000001def036b820, 0x000001def036bd60]
Event: 2.267 Thread 0x000001de86883000  376       3       java.lang.StringLatin1::getChars (12 bytes)
Event: 2.268 Thread 0x000001de86883000 nmethod 376 0x000001def036bf90 code [0x000001def036c140, 0x000001def036c3f8]
Event: 2.294 Thread 0x000001defff55000  377 %     4       java.lang.StringLatin1::indexOf @ 30 (121 bytes)
Event: 2.298 Thread 0x000001de86883000  378       3       java.io.WinNTFileSystem::isLetter (30 bytes)
Event: 2.298 Thread 0x000001de86883000 nmethod 378 0x000001def036c590 code [0x000001def036c740, 0x000001def036c9d8]
Event: 2.298 Thread 0x000001de86883000  379       3       java.lang.Math::max (11 bytes)
Event: 2.298 Thread 0x000001de86883000 nmethod 379 0x000001def036ca90 code [0x000001def036cc40, 0x000001def036cdd8]
Event: 2.302 Thread 0x000001defff55000 nmethod 377% 0x000001def782c410 code [0x000001def782c5a0, 0x000001def782c938]
Event: 2.306 Thread 0x000001de86883000  380       3       java.util.WeakHashMap::maskNull (12 bytes)
Event: 2.306 Thread 0x000001de86883000 nmethod 380 0x000001def036ce90 code [0x000001def036d040, 0x000001def036d1d8]
Event: 2.306 Thread 0x000001de86883000  381       3       java.util.WeakHashMap::hash (28 bytes)
Event: 2.307 Thread 0x000001de86883000 nmethod 381 0x000001def036d290 code [0x000001def036d440, 0x000001def036d6b0]
Event: 2.307 Thread 0x000001de86883000  382       3       java.util.WeakHashMap::getTable (9 bytes)
Event: 2.307 Thread 0x000001de86883000 nmethod 382 0x000001def036d790 code [0x000001def036d940, 0x000001def036db10]
Event: 2.307 Thread 0x000001de86883000  383       3       sun.net.www.protocol.file.Handler::parseURL (18 bytes)
Event: 2.307 Thread 0x000001de86883000 nmethod 383 0x000001def036db90 code [0x000001def036dd40, 0x000001def036df60]
Event: 2.307 Thread 0x000001de86883000  384       3       java.net.URLStreamHandler::parseURL (1201 bytes)
Event: 2.314 Thread 0x000001defff55000  388       4       java.lang.AbstractStringBuilder::ensureCapacityInternal (39 bytes)
Event: 2.320 Thread 0x000001defff55000 nmethod 388 0x000001def782cb90 code [0x000001def782cd20, 0x000001def782d0f8]

GC Heap History (0 events):
No events

Deoptimization events (8 events):
Event: 1.945 Thread 0x000001dee7856000 Uncommon trap: trap_request=0xffffff45 fr.pc=0x000001def7816408 relative=0x0000000000000068
Event: 1.945 Thread 0x000001dee7856000 Uncommon trap: reason=unstable_if action=reinterpret pc=0x000001def7816408 method=java.lang.String.isLatin1()Z @ 10 c2
Event: 1.945 Thread 0x000001dee7856000 DEOPT PACKING pc=0x000001def7816408 sp=0x000000d9c8ffeef0
Event: 1.945 Thread 0x000001dee7856000 DEOPT UNPACKING pc=0x000001deefd9912f sp=0x000000d9c8ffee80 mode 2
Event: 2.047 Thread 0x000001dee7856000 Uncommon trap: trap_request=0xffffff45 fr.pc=0x000001def781e40c relative=0x000000000000090c
Event: 2.047 Thread 0x000001dee7856000 Uncommon trap: reason=unstable_if action=reinterpret pc=0x000001def781e40c method=java.util.HashMap.putVal(ILjava/lang/Object;Ljava/lang/Object;ZZ)Ljava/lang/Object; @ 181 c2
Event: 2.047 Thread 0x000001dee7856000 DEOPT PACKING pc=0x000001def781e40c sp=0x000000d9c8ffe590
Event: 2.047 Thread 0x000001dee7856000 DEOPT UNPACKING pc=0x000001deefd9912f sp=0x000000d9c8ffe530 mode 2

Classes unloaded (0 events):
No events

Classes redefined (0 events):
No events

Internal exceptions (1 events):
Event: 1.761 Thread 0x000001dee7856000 Exception <a 'java/io/FileNotFoundException'{0x0000000089b12480}> (0x0000000089b12480) 
thrown [t:/workspace/open/src/hotspot/share/prims/jni.cpp, line 598]

Events (20 events):
Event: 2.294 loading class org/junit/runner/manipulation/Sorter$1
Event: 2.294 loading class org/junit/runner/manipulation/Sorter$1 done
Event: 2.297 loading class org/junit/runners/ParentRunner$1
Event: 2.297 loading class org/junit/runners/ParentRunner$1 done
Event: 2.300 loading class org/junit/runners/model/TestClass
Event: 2.300 loading class org/junit/runners/model/TestClass done
Event: 2.305 loading class org/junit/runners/model/FrameworkMember
Event: 2.305 loading class org/junit/runners/model/FrameworkMember done
Event: 2.307 loading class org/junit/runners/model/FrameworkMethod
Event: 2.307 loading class org/junit/runners/model/FrameworkMethod done
Event: 2.311 loading class org/junit/runners/model/FrameworkField
Event: 2.311 loading class org/junit/runners/model/FrameworkField done
Event: 2.316 loading class org/junit/internal/MethodSorter
Event: 2.316 loading class org/junit/internal/MethodSorter done
Event: 2.318 loading class org/junit/internal/MethodSorter$1
Event: 2.318 loading class org/junit/internal/MethodSorter$1 done
Event: 2.323 loading class org/junit/internal/MethodSorter$2
Event: 2.323 loading class org/junit/internal/MethodSorter$2 done
Event: 2.325 loading class org/junit/FixMethodOrder
Event: 2.325 loading class org/junit/FixMethodOrder done


Dynamic libraries:
0x00007ff726180000 - 0x00007ff72618f000 	C:\Program Files\Java\jdk-13\bin\java.exe
0x00007ffe600a0000 - 0x00007ffe60290000 	C:\WINDOWS\SYSTEM32\ntdll.dll
0x00007ffe5e480000 - 0x00007ffe5e532000 	C:\WINDOWS\System32\KERNEL32.DLL
0x00007ffe5d450000 - 0x00007ffe5d6f5000 	C:\WINDOWS\System32\KERNELBASE.dll
0x00007ffe5d200000 - 0x00007ffe5d2fa000 	C:\WINDOWS\System32\ucrtbase.dll
0x00007ffe52fd0000 - 0x00007ffe52fe8000 	C:\Program Files\Java\jdk-13\bin\jli.dll
0x00007ffe5e540000 - 0x00007ffe5e5e3000 	C:\WINDOWS\System32\ADVAPI32.dll
0x00007ffe5e5f0000 - 0x00007ffe5e68e000 	C:\WINDOWS\System32\msvcrt.dll
0x00007ffe5e150000 - 0x00007ffe5e1e7000 	C:\WINDOWS\System32\sechost.dll
0x00007ffe5e360000 - 0x00007ffe5e480000 	C:\WINDOWS\System32\RPCRT4.dll
0x00007ffe5eb90000 - 0x00007ffe5ed25000 	C:\WINDOWS\System32\USER32.dll
0x00007ffe5e0c0000 - 0x00007ffe5e0e1000 	C:\WINDOWS\System32\win32u.dll
0x00007ffe5fe50000 - 0x00007ffe5fe76000 	C:\WINDOWS\System32\GDI32.dll
0x00007ffe5d7a0000 - 0x00007ffe5d936000 	C:\WINDOWS\System32\gdi32full.dll
0x00007ffe5d0b0000 - 0x00007ffe5d14e000 	C:\WINDOWS\System32\msvcp_win.dll
0x00007ffe53140000 - 0x00007ffe53155000 	C:\Program Files\Java\jdk-13\bin\VCRUNTIME140.dll
0x00007ffe48f70000 - 0x00007ffe491f4000 	C:\WINDOWS\WinSxS\amd64_microsoft.windows.common-controls_6595b64144ccf1df_6.0.18362.1082_none_9e8193e1e45b25c1\COMCTL32.dll
0x00007ffe5e690000 - 0x00007ffe5e9c5000 	C:\WINDOWS\System32\combase.dll
0x00007ffe5d720000 - 0x00007ffe5d7a0000 	C:\WINDOWS\System32\bcryptPrimitives.dll
0x00007ffe4fb70000 - 0x00007ffe4fb7a000 	C:\WINDOWS\SYSTEM32\VERSION.dll
0x00007ffe5f8c0000 - 0x00007ffe5f8ee000 	C:\WINDOWS\System32\IMM32.DLL
0x00007ffe2a4d0000 - 0x00007ffe2a56b000 	C:\Program Files\Java\jdk-13\bin\msvcp140.dll
0x00007ffe1aed0000 - 0x00007ffe1ba36000 	C:\Program Files\Java\jdk-13\bin\server\jvm.dll
0x00007ffe5e350000 - 0x00007ffe5e358000 	C:\WINDOWS\System32\PSAPI.DLL
0x00007ffe25e00000 - 0x00007ffe25e09000 	C:\WINDOWS\SYSTEM32\WSOCK32.dll
0x00007ffe5fd60000 - 0x00007ffe5fdcf000 	C:\WINDOWS\System32\WS2_32.dll
0x00007ffe5acb0000 - 0x00007ffe5acd4000 	C:\WINDOWS\SYSTEM32\WINMM.dll
0x00007ffe5ac80000 - 0x00007ffe5acad000 	C:\WINDOWS\SYSTEM32\WINMMBASE.dll
0x00007ffe5d030000 - 0x00007ffe5d07a000 	C:\WINDOWS\System32\cfgmgr32.dll
0x00007ffe5cfc0000 - 0x00007ffe5cfd1000 	C:\WINDOWS\System32\kernel.appcore.dll
0x00007ffe5ad30000 - 0x00007ffe5ad40000 	C:\Program Files\Java\jdk-13\bin\verify.dll
0x00007ffe4ac80000 - 0x00007ffe4ae74000 	C:\WINDOWS\SYSTEM32\DBGHELP.DLL
0x00007ffe4a960000 - 0x00007ffe4a98a000 	C:\WINDOWS\SYSTEM32\dbgcore.DLL
0x00007ffe52e40000 - 0x00007ffe52e66000 	C:\Program Files\Java\jdk-13\bin\java.dll
0x00007ffe56500000 - 0x00007ffe5650e000 	C:\Program Files\Java\jdk-13\bin\instrument.dll
0x00007ffe52fb0000 - 0x00007ffe52fc7000 	C:\Program Files\Java\jdk-13\bin\zip.dll
0x00007ffe58000000 - 0x00007ffe5800a000 	C:\Program Files\Java\jdk-13\bin\jimage.dll
0x00007ffe5ef60000 - 0x00007ffe5f647000 	C:\WINDOWS\System32\SHELL32.dll
0x00007ffe5fee0000 - 0x00007ffe5ff89000 	C:\WINDOWS\System32\shcore.dll
0x00007ffe5d940000 - 0x00007ffe5e0c0000 	C:\WINDOWS\System32\windows.storage.dll
0x00007ffe5d000000 - 0x00007ffe5d023000 	C:\WINDOWS\System32\profapi.dll
0x00007ffe5cf70000 - 0x00007ffe5cfba000 	C:\WINDOWS\System32\powrprof.dll
0x00007ffe5cf60000 - 0x00007ffe5cf70000 	C:\WINDOWS\System32\UMPDC.dll
0x00007ffe5f860000 - 0x00007ffe5f8b2000 	C:\WINDOWS\System32\shlwapi.dll
0x00007ffe5d700000 - 0x00007ffe5d717000 	C:\WINDOWS\System32\cryptsp.dll
0x00007ffe4db30000 - 0x00007ffe4db49000 	C:\Program Files\Java\jdk-13\bin\net.dll
0x00007ffe58690000 - 0x00007ffe58780000 	C:\WINDOWS\SYSTEM32\WINHTTP.dll
0x00007ffe4d8a0000 - 0x00007ffe4da76000 	C:\WINDOWS\SYSTEM32\urlmon.dll
0x00007ffe4ddd0000 - 0x00007ffe4e076000 	C:\WINDOWS\SYSTEM32\iertutil.dll
0x00007ffe5c880000 - 0x00007ffe5c88c000 	C:\WINDOWS\SYSTEM32\CRYPTBASE.DLL
0x00007ffe5c700000 - 0x00007ffe5c767000 	C:\WINDOWS\system32\mswsock.dll
0x00007ffe41c30000 - 0x00007ffe41c43000 	C:\Program Files\Java\jdk-13\bin\nio.dll
0x00007ffe3de50000 - 0x00007ffe3de6a000 	C:\Program Files\JetBrains\IntelliJ IDEA Community Edition 2020.1.2\bin\breakgen64.dll

dbghelp: loaded successfully - version: 4.0.5 - missing functions: none
symbol engine: initialized successfully - sym options: 0x614 - pdb path: .;C:\Program Files\Java\jdk-13\bin;C:\WINDOWS\SYSTEM32;C:\WINDOWS\WinSxS\amd64_microsoft.windows.common-controls_6595b64144ccf1df_6.0.18362.1082_none_9e8193e1e45b25c1;C:\Program Files\Java\jdk-13\bin\server;C:\Program Files\JetBrains\IntelliJ IDEA Community Edition 2020.1.2\bin

VM Arguments:
jvm_args: -ea -Didea.test.cyclic.buffer.size=1048576 -javaagent:C:\Program Files\JetBrains\IntelliJ IDEA Community Edition 2020.1.2\lib\idea_rt.jar=52742:C:\Program Files\JetBrains\IntelliJ IDEA Community Edition 2020.1.2\bin -Dfile.encoding=UTF-8 
java_command: com.intellij.rt.junit.JUnitStarter -ideVersion5 -junit4 techproedbatch5.GetRequest04,get01
java_class_path (initial): C:\Program Files\JetBrains\IntelliJ IDEA Community Edition 2020.1.2\lib\idea_rt.jar;C:\Program Files\JetBrains\IntelliJ IDEA Community Edition 2020.1.2\plugins\junit\lib\junit5-rt.jar;C:\Program Files\JetBrains\IntelliJ IDEA Community Edition 2020.1.2\plugins\junit\lib\junit-rt.jar;C:\Users\home\eclipse-workspace\TechproedBatch5\target\test-classes;C:\Users\home\eclipse-workspace\TechproedBatch5\target\classes;C:\Users\home\.m2\repository\junit\junit\4.11\junit-4.11.jar;C:\Users\home\.m2\repository\org\hamcrest\hamcrest-core\1.3\hamcrest-core-1.3.jar;C:\Users\home\.m2\repository\io\rest-assured\rest-assured\4.3.0\rest-assured-4.3.0.jar;C:\Users\home\.m2\repository\org\codehaus\groovy\groovy\3.0.2\groovy-3.0.2.jar;C:\Users\home\.m2\repository\org\codehaus\groovy\groovy-xml\3.0.2\groovy-xml-3.0.2.jar;C:\Users\home\.m2\repository\org\apache\httpcomponents\httpclient\4.5.3\httpclient-4.5.3.jar;C:\Users\home\.m2\repository\org\apache\httpcomponents\httpcore\4.4.6\httpcore-4.4.6.jar;C:\Users\home\.m2\repository\commons-logging\commons-logging\1.2\commons-logging-1.2.jar;C:\Users\home\.m2\repository\commons-codec\commons-codec\1.9\commons-codec-1.9.jar;C:\Users\home\.m2\repository\org\apache\httpcomponents\httpmime\4.5.3\httpmime-4.5.3.jar;C:\Users\home\.m2\repository\org\hamcrest\hamcrest\2.1\hamcrest-2.1.jar;C:\Users\home\.m2\repository\org\ccil\cowan\tagsoup\tagsoup\1.2.1\tagsoup-1.2.1.jar;C:\Users\home\.m2\repository\io\rest-assured\json-path\4.3.0\json-path-4.3.0.jar;C:\Users\home\.m2\repository\org\codehaus\groovy\groovy-json\3.0.2\groovy-json-3.0.2.jar;C:\Users\home\.m2\repository\io\rest-assured\rest-assured-common\4.3.0\rest-assured-common-4.3.0.jar;C:\Users\home\.m2\repository\io\rest-assured\xml-path\4.3.0\xml-path-4.3.0.jar;C:\Users\home\.m2\repository\org\apache\commons\commons-lang3\3.4\commons-lang3-3.4.jar;C:\Users\home\.m2\repository\jakarta\xml\bind\jakarta.xml.bind-api\2.3.2\jakarta.xml.bind-api-2.3.2.jar;C:\Users\home\.m2\re
Launcher Type: SUN_STANDARD

[Global flags]
     intx CICompilerCount                          = 3                                         {product} {ergonomic}
     uint ConcGCThreads                            = 1                                         {product} {ergonomic}
     uint G1ConcRefinementThreads                  = 4                                         {product} {ergonomic}
   size_t G1HeapRegionSize                         = 1048576                                   {product} {ergonomic}
    uintx GCDrainStackTargetSize                   = 64                                        {product} {ergonomic}
   size_t InitialHeapSize                          = 134217728                                 {product} {ergonomic}
   size_t MarkStackSize                            = 4194304                                   {product} {ergonomic}
   size_t MaxHeapSize                              = 2116026368                                {product} {ergonomic}
   size_t MaxNewSize                               = 1268776960                                {product} {ergonomic}
   size_t MinHeapDeltaBytes                        = 1048576                                   {product} {ergonomic}
   size_t MinHeapSize                              = 8388608                                   {product} {ergonomic}
    uintx NonNMethodCodeHeapSize                   = 5830732                                {pd product} {ergonomic}
    uintx NonProfiledCodeHeapSize                  = 122913754                              {pd product} {ergonomic}
    uintx ProfiledCodeHeapSize                     = 122913754                              {pd product} {ergonomic}
    uintx ReservedCodeCacheSize                    = 251658240                              {pd product} {ergonomic}
     bool SegmentedCodeCache                       = true                                      {product} {ergonomic}
   size_t SoftMaxHeapSize                          = 2116026368                             {manageable} {ergonomic}
     bool UseCompressedClassPointers               = true                                 {lp64_product} {ergonomic}
     bool UseCompressedOops                        = true                                 {lp64_product} {ergonomic}
     bool UseG1GC                                  = true                                      {product} {ergonomic}
     bool UseLargePagesIndividualAllocation        = false                                  {pd product} {ergonomic}

Logging:
Log output configuration:
 #0: stdout all=warning uptime,level,tags
 #1: stderr all=off uptime,level,tags

Environment Variables:
PATH=C:\Python27\;C:\Python27\Scripts;C:\Program Files (x86)\Common Files\Oracle\Java\javapath;C:\WINDOWS\system32;C:\WINDOWS;C:\WINDOWS\System32\Wbem;C:\WINDOWS\System32\WindowsPowerShell\v1.0\;C:\WINDOWS\System32\OpenSSH\;C:\Program Files (x86)\GtkSharp\2.12\bin;C:\Program Files\Java\jdk-13\bin;C:\src\flutter\flutter\bin;C:\Program Files\nodejs\;C:\ProgramData\chocolatey\bin;C:\Program Files\Git\cmd;C:\Program Files\Microsoft SQL Server\Client SDK\ODBC\170\Tools\Binn\;C:\Program Files (x86)\Microsoft SQL Server\150\Tools\Binn\;C:\Program Files\Microsoft SQL Server\150\Tools\Binn\;C:\Program Files\Microsoft SQL Server\150\DTS\Binn\;C:\Program Files (x86)\Microsoft SQL Server\150\DTS\Binn\;C:\Program Files\Docker\Docker\resources\bin;C:\ProgramData\DockerDesktop\version-bin;C:\Users\home\AppData\Local\Microsoft\WindowsApps;C:\Users\home\AppData\Local\Programs\Microsoft VS Code\bin;C:\Users\home\AppData\Roaming\npm;C:\Program Files\apache-maven-3.6.3\bin;C:\Program Files\Java\jdk1.8.0_201\bin;
USERNAME=home
OS=Windows_NT
PROCESSOR_IDENTIFIER=Intel64 Family 6 Model 69 Stepping 1, GenuineIntel



---------------  S Y S T E M  ---------------

OS: Windows 10 , 64 bit Build 18362 (10.0.18362.1082)
HyperV virtualization detected

CPU:total 4 (initial active 4) (2 cores per cpu, 2 threads per core) family 6 model 69 stepping 1, cmov, cx8, fxsr, mmx, sse, sse2, sse3, ssse3, sse4.1, sse4.2, popcnt, avx, avx2, aes, clmul, erms, lzcnt, ht, tsc, tscinvbit, bmi1, bmi2, fma

Memory: 4k page, system-wide physical 8071M (356M free)
TotalPageFile size 26672M (AvailPageFile size 0M)
current process WorkingSet (physical memory assigned to process): 44M, peak: 44M
current process commit charge ("private bytes"): 212M, peak: 212M

vm_info: Java HotSpot(TM) 64-Bit Server VM (13+33) for windows-amd64 JRE (13+33), built on Sep 18 2019 21:38:00 by "mach5one" with unknown MS VC++:1916

END.
